#-----------------------------------------------------------
# Vivado v2020.1 (64-bit)
# SW Build 2902540 on Wed May 27 19:54:49 MDT 2020
# IP Build 2902112 on Wed May 27 22:43:36 MDT 2020
# Start of session at: Fri Dec 15 13:37:18 2023
# Process ID: 19016
# Current directory: C:/Users/Musab/OneDrive - Habib University/3rd Semester/DLD/project - scoring/Basys3-Joystick-Interfacing
# Command line: vivado.exe -gui_launcher_event rodinguilauncherevent5492 C:\Users\Musab\OneDrive - Habib University\3rd Semester\DLD\project - scoring\Basys3-Joystick-Interfacing\test.xpr
# Log file: C:/Users/Musab/OneDrive - Habib University/3rd Semester/DLD/project - scoring/Basys3-Joystick-Interfacing/vivado.log
# Journal file: C:/Users/Musab/OneDrive - Habib University/3rd Semester/DLD/project - scoring/Basys3-Joystick-Interfacing\vivado.jou
#-----------------------------------------------------------
start_gui
open_project {C:/Users/Musab/OneDrive - Habib University/3rd Semester/DLD/project - scoring/Basys3-Joystick-Interfacing/test.xpr}
INFO: [ProjectBase 1-489] The host OS only allows 260 characters in a normal path. The project is stored in a path with more than 80 characters. If you experience issues with IP, Block Designs, or files not being found, please consider moving the project to a location with a shorter path. Alternately consider using the OS subst command to map part of the path to a drive letter.
Current project path is 'C:/Users/Musab/OneDrive - Habib University/3rd Semester/DLD/project - scoring/Basys3-Joystick-Interfacing'
INFO: [Project 1-313] Project file moved from 'C:/Users/Musab/OneDrive - Habib University/3rd Semester/DLD/Project - Joy/Basys3-Joystick-Interfacing/Basys3-Joystick-Interfacing' since last save.
WARNING: [Project 1-312] File not found as 'C:/Users/Musab/OneDrive - Habib University/3rd Semester/Project/8Ball_Pool_Project/8Ball_Pool_Project.srcs/sources_1/new/diag_cue_pal.mem'; using path 'C:/Users/Musab/OneDrive - Habib University/3rd Semester/DLD/Project/8Ball_Pool_Project/8Ball_Pool_Project.srcs/sources_1/new/diag_cue_pal.mem' instead.
WARNING: [Project 1-312] File not found as 'C:/Users/Musab/OneDrive - Habib University/3rd Semester/Project/8Ball_Pool_Project/8Ball_Pool_Project.srcs/sources_1/new/diag_cue.mem'; using path 'C:/Users/Musab/OneDrive - Habib University/3rd Semester/DLD/Project/8Ball_Pool_Project/8Ball_Pool_Project.srcs/sources_1/new/diag_cue.mem' instead.
Scanning sources...
Finished scanning sources
WARNING: [Project 1-312] File not found as 'C:/Users/Musab/OneDrive - Habib University/3rd Semester/Project/8Ball_Pool_Project/8Ball_Pool_Project.srcs/sources_1/new/diag_cue_pal.mem'; using path 'C:/Users/Musab/OneDrive - Habib University/3rd Semester/DLD/Project/8Ball_Pool_Project/8Ball_Pool_Project.srcs/sources_1/new/diag_cue_pal.mem' instead.
WARNING: [Project 1-312] File not found as 'C:/Users/Musab/OneDrive - Habib University/3rd Semester/Project/8Ball_Pool_Project/8Ball_Pool_Project.srcs/sources_1/new/diag_cue.mem'; using path 'C:/Users/Musab/OneDrive - Habib University/3rd Semester/DLD/Project/8Ball_Pool_Project/8Ball_Pool_Project.srcs/sources_1/new/diag_cue.mem' instead.
WARNING: [Project 1-312] File not found as 'C:/Users/Musab/OneDrive - Habib University/3rd Semester/Project/8Ball_Pool_Project/8Ball_Pool_Project.srcs/sources_1/new/diag_cue_pal.mem'; using path 'C:/Users/Musab/OneDrive - Habib University/3rd Semester/DLD/Project/8Ball_Pool_Project/8Ball_Pool_Project.srcs/sources_1/new/diag_cue_pal.mem' instead.
WARNING: [Project 1-312] File not found as 'C:/Users/Musab/OneDrive - Habib University/3rd Semester/Project/8Ball_Pool_Project/8Ball_Pool_Project.srcs/sources_1/new/diag_cue.mem'; using path 'C:/Users/Musab/OneDrive - Habib University/3rd Semester/DLD/Project/8Ball_Pool_Project/8Ball_Pool_Project.srcs/sources_1/new/diag_cue.mem' instead.
INFO: [IP_Flow 19-234] Refreshing IP repositories
INFO: [IP_Flow 19-1704] No user IP repositories specified
INFO: [IP_Flow 19-2313] Loaded Vivado IP repository 'C:/Xilinx/Vivado/2020.1/data/ip'.
WARNING: [IP_Flow 19-2162] IP 'xadc_wiz_0' is locked:
* IP definition 'XADC Wizard (3.0)' for IP 'xadc_wiz_0' (customized with software release 2015.1) has a newer minor version in the IP Catalog.
open_project: Time (s): cpu = 00:00:05 ; elapsed = 00:00:07 . Memory (MB): peak = 1024.898 ; gain = 0.000
update_compile_order -fileset sources_1
reset_run synth_1
launch_runs impl_1 -to_step write_bitstream -jobs 16
WARNING: [Vivado 12-4801] The synthesis checkpoint for IP 'C:/Users/Musab/OneDrive - Habib University/3rd Semester/DLD/project - scoring/Basys3-Joystick-Interfacing/test.srcs/sources_1/ip/xadc_wiz_0/xadc_wiz_0.xci' is available but stale and the IP is locked. An out-of-context (OOC) run will be created and/or launched, but synthesis may not be able to complete or could result in incorrect behavior.
Please select 'Report IP Status' from the 'Tools/Report' menu or run Tcl command 'report_ip_status' for more information.
WARNING: [Runs 36-337] The following IPs are either missing output products or output products are not up-to-date for Synthesis target. Since these IPs are locked, no update to the output products can be done. 
Please select 'Report IP Status' from the 'Tools/Report' menu or run Tcl command 'report_ip_status' for more information.
C:/Users/Musab/OneDrive - Habib University/3rd Semester/DLD/project - scoring/Basys3-Joystick-Interfacing/test.srcs/sources_1/ip/xadc_wiz_0/xadc_wiz_0.xci

[Fri Dec 15 15:50:29 2023] Launched synth_1...
Run output will be captured here: C:/Users/Musab/OneDrive - Habib University/3rd Semester/DLD/project - scoring/Basys3-Joystick-Interfacing/test.runs/synth_1/runme.log
[Fri Dec 15 15:50:29 2023] Launched impl_1...
Run output will be captured here: C:/Users/Musab/OneDrive - Habib University/3rd Semester/DLD/project - scoring/Basys3-Joystick-Interfacing/test.runs/impl_1/runme.log
open_hw_manager
connect_hw_server -allow_non_jtag
INFO: [Labtools 27-2285] Connecting to hw_server url TCP:localhost:3121
INFO: [Labtools 27-2222] Launching hw_server...
INFO: [Labtools 27-2221] Launch Output:

****** Xilinx hw_server v2020.1
  **** Build date : May 27 2020 at 20:24:38
    ** Copyright 1986-2020 Xilinx, Inc. All Rights Reserved.


INFO: [Labtools 27-3415] Connecting to cs_server url TCP:localhost:3042
INFO: [Labtools 27-3417] Launching cs_server...
INFO: [Labtools 27-2221] Launch Output:


****** Xilinx cs_server v2020.1.0
  **** Build date : May 14 2020-06:10:29
    ** Copyright 2017-2020 Xilinx, Inc. All Rights Reserved.



connect_hw_server: Time (s): cpu = 00:00:01 ; elapsed = 00:00:09 . Memory (MB): peak = 1024.898 ; gain = 0.000
open_hw_target
INFO: [Labtoolstcl 44-466] Opening hw_target localhost:3121/xilinx_tcf/Digilent/210183AF3047A
open_hw_target: Time (s): cpu = 00:00:04 ; elapsed = 00:00:05 . Memory (MB): peak = 2279.496 ; gain = 1254.598
set_property PROGRAM.FILE {C:/Users/Musab/OneDrive - Habib University/3rd Semester/DLD/project - scoring/Basys3-Joystick-Interfacing/test.runs/impl_1/display.bit} [get_hw_devices xc7a35t_0]
current_hw_device [get_hw_devices xc7a35t_0]
refresh_hw_device -update_hw_probes false [lindex [get_hw_devices xc7a35t_0] 0]
INFO: [Labtools 27-1434] Device xc7a35t (JTAG device index = 0) is programmed with a design that has no supported debug core(s) in it.
set_property PROBES.FILE {} [get_hw_devices xc7a35t_0]
set_property FULL_PROBES.FILE {} [get_hw_devices xc7a35t_0]
set_property PROGRAM.FILE {C:/Users/Musab/OneDrive - Habib University/3rd Semester/DLD/project - scoring/Basys3-Joystick-Interfacing/test.runs/impl_1/display.bit} [get_hw_devices xc7a35t_0]
program_hw_devices [get_hw_devices xc7a35t_0]
INFO: [Labtools 27-3164] End of startup status: HIGH
refresh_hw_device [lindex [get_hw_devices xc7a35t_0] 0]
INFO: [Labtools 27-1434] Device xc7a35t (JTAG device index = 0) is programmed with a design that has no supported debug core(s) in it.
reset_run synth_1
launch_runs impl_1 -to_step write_bitstream -jobs 16
WARNING: [Vivado 12-4801] The synthesis checkpoint for IP 'C:/Users/Musab/OneDrive - Habib University/3rd Semester/DLD/project - scoring/Basys3-Joystick-Interfacing/test.srcs/sources_1/ip/xadc_wiz_0/xadc_wiz_0.xci' is available but stale and the IP is locked. An out-of-context (OOC) run will be created and/or launched, but synthesis may not be able to complete or could result in incorrect behavior.
Please select 'Report IP Status' from the 'Tools/Report' menu or run Tcl command 'report_ip_status' for more information.
WARNING: [Runs 36-337] The following IPs are either missing output products or output products are not up-to-date for Synthesis target. Since these IPs are locked, no update to the output products can be done. 
Please select 'Report IP Status' from the 'Tools/Report' menu or run Tcl command 'report_ip_status' for more information.
C:/Users/Musab/OneDrive - Habib University/3rd Semester/DLD/project - scoring/Basys3-Joystick-Interfacing/test.srcs/sources_1/ip/xadc_wiz_0/xadc_wiz_0.xci

[Fri Dec 15 16:00:21 2023] Launched synth_1...
Run output will be captured here: C:/Users/Musab/OneDrive - Habib University/3rd Semester/DLD/project - scoring/Basys3-Joystick-Interfacing/test.runs/synth_1/runme.log
[Fri Dec 15 16:00:21 2023] Launched impl_1...
Run output will be captured here: C:/Users/Musab/OneDrive - Habib University/3rd Semester/DLD/project - scoring/Basys3-Joystick-Interfacing/test.runs/impl_1/runme.log
set_property PROBES.FILE {} [get_hw_devices xc7a35t_0]
set_property FULL_PROBES.FILE {} [get_hw_devices xc7a35t_0]
set_property PROGRAM.FILE {C:/Users/Musab/OneDrive - Habib University/3rd Semester/DLD/project - scoring/Basys3-Joystick-Interfacing/test.runs/impl_1/display.bit} [get_hw_devices xc7a35t_0]
program_hw_devices [get_hw_devices xc7a35t_0]
INFO: [Labtools 27-3164] End of startup status: HIGH
refresh_hw_device [lindex [get_hw_devices xc7a35t_0] 0]
INFO: [Labtools 27-1434] Device xc7a35t (JTAG device index = 0) is programmed with a design that has no supported debug core(s) in it.
reset_run synth_1
launch_runs impl_1 -to_step write_bitstream -jobs 16
WARNING: [Vivado 12-4801] The synthesis checkpoint for IP 'C:/Users/Musab/OneDrive - Habib University/3rd Semester/DLD/project - scoring/Basys3-Joystick-Interfacing/test.srcs/sources_1/ip/xadc_wiz_0/xadc_wiz_0.xci' is available but stale and the IP is locked. An out-of-context (OOC) run will be created and/or launched, but synthesis may not be able to complete or could result in incorrect behavior.
Please select 'Report IP Status' from the 'Tools/Report' menu or run Tcl command 'report_ip_status' for more information.
WARNING: [Runs 36-337] The following IPs are either missing output products or output products are not up-to-date for Synthesis target. Since these IPs are locked, no update to the output products can be done. 
Please select 'Report IP Status' from the 'Tools/Report' menu or run Tcl command 'report_ip_status' for more information.
C:/Users/Musab/OneDrive - Habib University/3rd Semester/DLD/project - scoring/Basys3-Joystick-Interfacing/test.srcs/sources_1/ip/xadc_wiz_0/xadc_wiz_0.xci

[Fri Dec 15 16:13:44 2023] Launched synth_1...
Run output will be captured here: C:/Users/Musab/OneDrive - Habib University/3rd Semester/DLD/project - scoring/Basys3-Joystick-Interfacing/test.runs/synth_1/runme.log
[Fri Dec 15 16:13:44 2023] Launched impl_1...
Run output will be captured here: C:/Users/Musab/OneDrive - Habib University/3rd Semester/DLD/project - scoring/Basys3-Joystick-Interfacing/test.runs/impl_1/runme.log
set_property PROBES.FILE {} [get_hw_devices xc7a35t_0]
set_property FULL_PROBES.FILE {} [get_hw_devices xc7a35t_0]
set_property PROGRAM.FILE {C:/Users/Musab/OneDrive - Habib University/3rd Semester/DLD/project - scoring/Basys3-Joystick-Interfacing/test.runs/impl_1/display.bit} [get_hw_devices xc7a35t_0]
program_hw_devices [get_hw_devices xc7a35t_0]
INFO: [Labtools 27-3164] End of startup status: HIGH
refresh_hw_device [lindex [get_hw_devices xc7a35t_0] 0]
INFO: [Labtools 27-1434] Device xc7a35t (JTAG device index = 0) is programmed with a design that has no supported debug core(s) in it.
ERROR: [Labtoolstcl 44-513] HW Target shutdown. Closing target: localhost:3121/xilinx_tcf/Digilent/210183AF3047A
reset_run synth_1
launch_runs impl_1 -to_step write_bitstream -jobs 16
WARNING: [Vivado 12-4801] The synthesis checkpoint for IP 'C:/Users/Musab/OneDrive - Habib University/3rd Semester/DLD/project - scoring/Basys3-Joystick-Interfacing/test.srcs/sources_1/ip/xadc_wiz_0/xadc_wiz_0.xci' is available but stale and the IP is locked. An out-of-context (OOC) run will be created and/or launched, but synthesis may not be able to complete or could result in incorrect behavior.
Please select 'Report IP Status' from the 'Tools/Report' menu or run Tcl command 'report_ip_status' for more information.
WARNING: [Runs 36-337] The following IPs are either missing output products or output products are not up-to-date for Synthesis target. Since these IPs are locked, no update to the output products can be done. 
Please select 'Report IP Status' from the 'Tools/Report' menu or run Tcl command 'report_ip_status' for more information.
C:/Users/Musab/OneDrive - Habib University/3rd Semester/DLD/project - scoring/Basys3-Joystick-Interfacing/test.srcs/sources_1/ip/xadc_wiz_0/xadc_wiz_0.xci

[Fri Dec 15 17:09:38 2023] Launched synth_1...
Run output will be captured here: C:/Users/Musab/OneDrive - Habib University/3rd Semester/DLD/project - scoring/Basys3-Joystick-Interfacing/test.runs/synth_1/runme.log
[Fri Dec 15 17:09:38 2023] Launched impl_1...
Run output will be captured here: C:/Users/Musab/OneDrive - Habib University/3rd Semester/DLD/project - scoring/Basys3-Joystick-Interfacing/test.runs/impl_1/runme.log
INFO: [Labtoolstcl 44-466] Opening hw_target localhost:3121/xilinx_tcf/Digilent/210183AF3047A
INFO: [Labtools 27-1434] Device xc7a35t (JTAG device index = 0) is programmed with a design that has no supported debug core(s) in it.
WARNING: [Labtoolstcl 44-129] No matching hw_ila_data was found.
set_property PROBES.FILE {} [get_hw_devices xc7a35t_0]
set_property FULL_PROBES.FILE {} [get_hw_devices xc7a35t_0]
set_property PROGRAM.FILE {C:/Users/Musab/OneDrive - Habib University/3rd Semester/DLD/project - scoring/Basys3-Joystick-Interfacing/test.runs/impl_1/display.bit} [get_hw_devices xc7a35t_0]
program_hw_devices [get_hw_devices xc7a35t_0]
INFO: [Labtools 27-3164] End of startup status: HIGH
refresh_hw_device [lindex [get_hw_devices xc7a35t_0] 0]
INFO: [Labtools 27-1434] Device xc7a35t (JTAG device index = 0) is programmed with a design that has no supported debug core(s) in it.
reset_run impl_1 -prev_step 
launch_runs impl_1 -to_step write_bitstream -jobs 16
WARNING: [Vivado 12-4801] The synthesis checkpoint for IP 'C:/Users/Musab/OneDrive - Habib University/3rd Semester/DLD/project - scoring/Basys3-Joystick-Interfacing/test.srcs/sources_1/ip/xadc_wiz_0/xadc_wiz_0.xci' is available but stale and the IP is locked. An out-of-context (OOC) run will be created and/or launched, but synthesis may not be able to complete or could result in incorrect behavior.
Please select 'Report IP Status' from the 'Tools/Report' menu or run Tcl command 'report_ip_status' for more information.
WARNING: [Vivado 12-872] Run step 'Design Initialization' is out-of-date.
[Fri Dec 15 17:20:48 2023] Launched impl_1...
Run output will be captured here: C:/Users/Musab/OneDrive - Habib University/3rd Semester/DLD/project - scoring/Basys3-Joystick-Interfacing/test.runs/impl_1/runme.log
set_property PROBES.FILE {} [get_hw_devices xc7a35t_0]
set_property FULL_PROBES.FILE {} [get_hw_devices xc7a35t_0]
set_property PROGRAM.FILE {C:/Users/Musab/OneDrive - Habib University/3rd Semester/DLD/project - scoring/Basys3-Joystick-Interfacing/test.runs/impl_1/display.bit} [get_hw_devices xc7a35t_0]
program_hw_devices [get_hw_devices xc7a35t_0]
INFO: [Labtools 27-3164] End of startup status: HIGH
refresh_hw_device [lindex [get_hw_devices xc7a35t_0] 0]
INFO: [Labtools 27-1434] Device xc7a35t (JTAG device index = 0) is programmed with a design that has no supported debug core(s) in it.
reset_run synth_1
launch_runs impl_1 -to_step write_bitstream -jobs 16
WARNING: [Vivado 12-4801] The synthesis checkpoint for IP 'C:/Users/Musab/OneDrive - Habib University/3rd Semester/DLD/project - scoring/Basys3-Joystick-Interfacing/test.srcs/sources_1/ip/xadc_wiz_0/xadc_wiz_0.xci' is available but stale and the IP is locked. An out-of-context (OOC) run will be created and/or launched, but synthesis may not be able to complete or could result in incorrect behavior.
Please select 'Report IP Status' from the 'Tools/Report' menu or run Tcl command 'report_ip_status' for more information.
WARNING: [Runs 36-337] The following IPs are either missing output products or output products are not up-to-date for Synthesis target. Since these IPs are locked, no update to the output products can be done. 
Please select 'Report IP Status' from the 'Tools/Report' menu or run Tcl command 'report_ip_status' for more information.
C:/Users/Musab/OneDrive - Habib University/3rd Semester/DLD/project - scoring/Basys3-Joystick-Interfacing/test.srcs/sources_1/ip/xadc_wiz_0/xadc_wiz_0.xci

[Fri Dec 15 17:23:44 2023] Launched synth_1...
Run output will be captured here: C:/Users/Musab/OneDrive - Habib University/3rd Semester/DLD/project - scoring/Basys3-Joystick-Interfacing/test.runs/synth_1/runme.log
[Fri Dec 15 17:23:44 2023] Launched impl_1...
Run output will be captured here: C:/Users/Musab/OneDrive - Habib University/3rd Semester/DLD/project - scoring/Basys3-Joystick-Interfacing/test.runs/impl_1/runme.log
ERROR: [Labtoolstcl 44-513] HW Target shutdown. Closing target: localhost:3121/xilinx_tcf/Digilent/210183AF3047A
INFO: [Labtoolstcl 44-466] Opening hw_target localhost:3121/xilinx_tcf/Digilent/210183AF3047A
INFO: [Labtools 27-1434] Device xc7a35t (JTAG device index = 0) is programmed with a design that has no supported debug core(s) in it.
WARNING: [Labtoolstcl 44-129] No matching hw_ila_data was found.
set_property PROBES.FILE {} [get_hw_devices xc7a35t_0]
set_property FULL_PROBES.FILE {} [get_hw_devices xc7a35t_0]
set_property PROGRAM.FILE {C:/Users/Musab/OneDrive - Habib University/3rd Semester/DLD/project - scoring/Basys3-Joystick-Interfacing/test.runs/impl_1/display.bit} [get_hw_devices xc7a35t_0]
program_hw_devices [get_hw_devices xc7a35t_0]
INFO: [Labtools 27-3164] End of startup status: HIGH
refresh_hw_device [lindex [get_hw_devices xc7a35t_0] 0]
INFO: [Labtools 27-1434] Device xc7a35t (JTAG device index = 0) is programmed with a design that has no supported debug core(s) in it.
ERROR: [Labtoolstcl 44-513] HW Target shutdown. Closing target: localhost:3121/xilinx_tcf/Digilent/210183AF3047A
exit
INFO: [Common 17-206] Exiting Vivado at Fri Dec 15 18:03:54 2023...
