#-----------------------------------------------------------
# Vivado v2020.1 (64-bit)
# SW Build 2902540 on Wed May 27 19:54:49 MDT 2020
# IP Build 2902112 on Wed May 27 22:43:36 MDT 2020
# Start of session at: Mon Nov 20 13:42:03 2023
# Process ID: 9100
# Current directory: C:/Users/Musab/OneDrive - Habib University/3rd Semester/DLD/Project - Joy/Basys3-Joystick-Interfacing
# Command line: vivado.exe -gui_launcher_event rodinguilauncherevent14976 C:\Users\Musab\OneDrive - Habib University\3rd Semester\DLD\Project - Joy\Basys3-Joystick-Interfacing\test.xpr
# Log file: C:/Users/Musab/OneDrive - Habib University/3rd Semester/DLD/Project - Joy/Basys3-Joystick-Interfacing/vivado.log
# Journal file: C:/Users/Musab/OneDrive - Habib University/3rd Semester/DLD/Project - Joy/Basys3-Joystick-Interfacing\vivado.jou
#-----------------------------------------------------------
start_gui
open_project {C:/Users/Musab/OneDrive - Habib University/3rd Semester/DLD/Project - Joy/Basys3-Joystick-Interfacing/test.xpr}
INFO: [ProjectBase 1-489] The host OS only allows 260 characters in a normal path. The project is stored in a path with more than 80 characters. If you experience issues with IP, Block Designs, or files not being found, please consider moving the project to a location with a shorter path. Alternately consider using the OS subst command to map part of the path to a drive letter.
Current project path is 'C:/Users/Musab/OneDrive - Habib University/3rd Semester/DLD/Project - Joy/Basys3-Joystick-Interfacing'
CRITICAL WARNING: [Project 1-19] Could not find the file 'C:/Users/Musab/OneDrive - Habib University/3rd Semester/DLD/Project - Joy/Basys3-Joystick-Interfacing/test.srcs/sources_1/new/display.v'.
Scanning sources...
Finished scanning sources
INFO: [IP_Flow 19-234] Refreshing IP repositories
INFO: [IP_Flow 19-1704] No user IP repositories specified
INFO: [IP_Flow 19-2313] Loaded Vivado IP repository 'C:/Xilinx/Vivado/2020.1/data/ip'.
WARNING: [IP_Flow 19-2162] IP 'xadc_wiz_0' is locked:
* IP definition 'XADC Wizard (3.0)' for IP 'xadc_wiz_0' (customized with software release 2015.1) has a newer minor version in the IP Catalog.
open_project: Time (s): cpu = 00:00:03 ; elapsed = 00:00:06 . Memory (MB): peak = 1025.043 ; gain = 0.000
update_compile_order -fileset sources_1
export_ip_user_files -of_objects  [get_files {{C:/Users/Musab/OneDrive - Habib University/3rd Semester/DLD/Project - Joy/Basys3-Joystick-Interfacing/test.srcs/sources_1/new/display.v}}] -no_script -reset -force -quiet
remove_files  {{C:/Users/Musab/OneDrive - Habib University/3rd Semester/DLD/Project - Joy/Basys3-Joystick-Interfacing/test.srcs/sources_1/new/display.v}}
reset_run synth_1
launch_runs impl_1 -to_step write_bitstream -jobs 16
WARNING: [Vivado 12-4801] The synthesis checkpoint for IP 'C:/Users/Musab/OneDrive - Habib University/3rd Semester/DLD/Project - Joy/Basys3-Joystick-Interfacing/test.srcs/sources_1/ip/xadc_wiz_0/xadc_wiz_0.xci' is available but stale and the IP is locked. An out-of-context (OOC) run will be created and/or launched, but synthesis may not be able to complete or could result in incorrect behavior.
Please select 'Report IP Status' from the 'Tools/Report' menu or run Tcl command 'report_ip_status' for more information.
WARNING: [Runs 36-337] The following IPs are either missing output products or output products are not up-to-date for Synthesis target. Since these IPs are locked, no update to the output products can be done. 
Please select 'Report IP Status' from the 'Tools/Report' menu or run Tcl command 'report_ip_status' for more information.
C:/Users/Musab/OneDrive - Habib University/3rd Semester/DLD/Project - Joy/Basys3-Joystick-Interfacing/test.srcs/sources_1/ip/xadc_wiz_0/xadc_wiz_0.xci

[Mon Nov 20 13:44:20 2023] Launched synth_1...
Run output will be captured here: C:/Users/Musab/OneDrive - Habib University/3rd Semester/DLD/Project - Joy/Basys3-Joystick-Interfacing/test.runs/synth_1/runme.log
[Mon Nov 20 13:44:21 2023] Launched impl_1...
Run output will be captured here: C:/Users/Musab/OneDrive - Habib University/3rd Semester/DLD/Project - Joy/Basys3-Joystick-Interfacing/test.runs/impl_1/runme.log
add_files -norecurse {{C:/Users/Musab/OneDrive - Habib University/3rd Semester/DLD/Project - Joy/Basys3-Joystick-Interfacing/test.srcs/sources_1/new/moverTopLevelModule.v} {C:/Users/Musab/OneDrive - Habib University/3rd Semester/DLD/Project - Joy/Basys3-Joystick-Interfacing/test.srcs/sources_1/new/moverModule.v}}
update_compile_order -fileset sources_1
reset_run synth_1
launch_runs impl_1 -to_step write_bitstream -jobs 16
WARNING: [Vivado 12-4801] The synthesis checkpoint for IP 'C:/Users/Musab/OneDrive - Habib University/3rd Semester/DLD/Project - Joy/Basys3-Joystick-Interfacing/test.srcs/sources_1/ip/xadc_wiz_0/xadc_wiz_0.xci' is available but stale and the IP is locked. An out-of-context (OOC) run will be created and/or launched, but synthesis may not be able to complete or could result in incorrect behavior.
Please select 'Report IP Status' from the 'Tools/Report' menu or run Tcl command 'report_ip_status' for more information.
WARNING: [Runs 36-337] The following IPs are either missing output products or output products are not up-to-date for Synthesis target. Since these IPs are locked, no update to the output products can be done. 
Please select 'Report IP Status' from the 'Tools/Report' menu or run Tcl command 'report_ip_status' for more information.
C:/Users/Musab/OneDrive - Habib University/3rd Semester/DLD/Project - Joy/Basys3-Joystick-Interfacing/test.srcs/sources_1/ip/xadc_wiz_0/xadc_wiz_0.xci

[Mon Nov 20 13:46:15 2023] Launched synth_1...
Run output will be captured here: C:/Users/Musab/OneDrive - Habib University/3rd Semester/DLD/Project - Joy/Basys3-Joystick-Interfacing/test.runs/synth_1/runme.log
[Mon Nov 20 13:46:15 2023] Launched impl_1...
Run output will be captured here: C:/Users/Musab/OneDrive - Habib University/3rd Semester/DLD/Project - Joy/Basys3-Joystick-Interfacing/test.runs/impl_1/runme.log
open_hw_manager
connect_hw_server -allow_non_jtag
INFO: [Labtools 27-2285] Connecting to hw_server url TCP:localhost:3121
INFO: [Labtools 27-2222] Launching hw_server...
INFO: [Labtools 27-2221] Launch Output:

****** Xilinx hw_server v2020.1
  **** Build date : May 27 2020 at 20:24:38
    ** Copyright 1986-2020 Xilinx, Inc. All Rights Reserved.


INFO: [Labtools 27-3415] Connecting to cs_server url TCP:localhost:3042
INFO: [Labtools 27-3417] Launching cs_server...
INFO: [Labtools 27-2221] Launch Output:


****** Xilinx cs_server v2020.1.0
  **** Build date : May 14 2020-06:10:29
    ** Copyright 2017-2020 Xilinx, Inc. All Rights Reserved.



connect_hw_server: Time (s): cpu = 00:00:00 ; elapsed = 00:00:11 . Memory (MB): peak = 1047.289 ; gain = 17.465
open_hw_target
INFO: [Labtoolstcl 44-466] Opening hw_target localhost:3121/xilinx_tcf/Digilent/210183AF3047A
open_hw_target: Time (s): cpu = 00:00:06 ; elapsed = 00:00:07 . Memory (MB): peak = 2350.016 ; gain = 1302.727
set_property PROGRAM.FILE {C:\Users\Musab\OneDrive - Habib University\3rd Semester\DLD\Project\Important Bit Files\movement_of_truth.bit} [get_hw_devices xc7a35t_0]
current_hw_device [get_hw_devices xc7a35t_0]
refresh_hw_device -update_hw_probes false [lindex [get_hw_devices xc7a35t_0] 0]
INFO: [Labtools 27-1434] Device xc7a35t (JTAG device index = 0) is programmed with a design that has no supported debug core(s) in it.
set_property PROBES.FILE {} [get_hw_devices xc7a35t_0]
set_property FULL_PROBES.FILE {} [get_hw_devices xc7a35t_0]
set_property PROGRAM.FILE {C:/Users/Musab/OneDrive - Habib University/3rd Semester/DLD/Project - Joy/Basys3-Joystick-Interfacing/test.runs/impl_1/display.bit} [get_hw_devices xc7a35t_0]
program_hw_devices [get_hw_devices xc7a35t_0]
INFO: [Labtools 27-3164] End of startup status: HIGH
refresh_hw_device [lindex [get_hw_devices xc7a35t_0] 0]
INFO: [Labtools 27-1434] Device xc7a35t (JTAG device index = 0) is programmed with a design that has no supported debug core(s) in it.
close_hw_manager
reset_run synth_1
launch_runs impl_1 -to_step write_bitstream -jobs 16
WARNING: [Vivado 12-4801] The synthesis checkpoint for IP 'C:/Users/Musab/OneDrive - Habib University/3rd Semester/DLD/Project - Joy/Basys3-Joystick-Interfacing/test.srcs/sources_1/ip/xadc_wiz_0/xadc_wiz_0.xci' is available but stale and the IP is locked. An out-of-context (OOC) run will be created and/or launched, but synthesis may not be able to complete or could result in incorrect behavior.
Please select 'Report IP Status' from the 'Tools/Report' menu or run Tcl command 'report_ip_status' for more information.
WARNING: [Runs 36-337] The following IPs are either missing output products or output products are not up-to-date for Synthesis target. Since these IPs are locked, no update to the output products can be done. 
Please select 'Report IP Status' from the 'Tools/Report' menu or run Tcl command 'report_ip_status' for more information.
C:/Users/Musab/OneDrive - Habib University/3rd Semester/DLD/Project - Joy/Basys3-Joystick-Interfacing/test.srcs/sources_1/ip/xadc_wiz_0/xadc_wiz_0.xci

[Mon Nov 20 13:53:31 2023] Launched synth_1...
Run output will be captured here: C:/Users/Musab/OneDrive - Habib University/3rd Semester/DLD/Project - Joy/Basys3-Joystick-Interfacing/test.runs/synth_1/runme.log
[Mon Nov 20 13:53:31 2023] Launched impl_1...
Run output will be captured here: C:/Users/Musab/OneDrive - Habib University/3rd Semester/DLD/Project - Joy/Basys3-Joystick-Interfacing/test.runs/impl_1/runme.log
open_hw_manager
connect_hw_server -allow_non_jtag
INFO: [Labtools 27-2285] Connecting to hw_server url TCP:localhost:3121
INFO: [Labtools 27-2222] Launching hw_server...
INFO: [Labtools 27-2221] Launch Output:

****** Xilinx hw_server v2020.1
  **** Build date : May 27 2020 at 20:24:38
    ** Copyright 1986-2020 Xilinx, Inc. All Rights Reserved.


INFO: [Labtools 27-3415] Connecting to cs_server url TCP:localhost:3042
INFO: [Labtools 27-3417] Launching cs_server...
INFO: [Labtools 27-2221] Launch Output:


****** Xilinx cs_server v2020.1.0
  **** Build date : May 14 2020-06:10:29
    ** Copyright 2017-2020 Xilinx, Inc. All Rights Reserved.



connect_hw_server: Time (s): cpu = 00:00:00 ; elapsed = 00:00:09 . Memory (MB): peak = 2363.613 ; gain = 0.000
open_hw_target
INFO: [Labtoolstcl 44-466] Opening hw_target localhost:3121/xilinx_tcf/Digilent/210183AF3047A
set_property PROGRAM.FILE {C:/Users/Musab/OneDrive - Habib University/3rd Semester/DLD/Project - Joy/Basys3-Joystick-Interfacing/test.runs/impl_1/display.bit} [get_hw_devices xc7a35t_0]
current_hw_device [get_hw_devices xc7a35t_0]
refresh_hw_device -update_hw_probes false [lindex [get_hw_devices xc7a35t_0] 0]
INFO: [Labtools 27-1434] Device xc7a35t (JTAG device index = 0) is programmed with a design that has no supported debug core(s) in it.
set_property PROBES.FILE {} [get_hw_devices xc7a35t_0]
set_property FULL_PROBES.FILE {} [get_hw_devices xc7a35t_0]
set_property PROGRAM.FILE {C:/Users/Musab/OneDrive - Habib University/3rd Semester/DLD/Project - Joy/Basys3-Joystick-Interfacing/test.runs/impl_1/display.bit} [get_hw_devices xc7a35t_0]
program_hw_devices [get_hw_devices xc7a35t_0]
INFO: [Labtools 27-3164] End of startup status: HIGH
refresh_hw_device [lindex [get_hw_devices xc7a35t_0] 0]
INFO: [Labtools 27-1434] Device xc7a35t (JTAG device index = 0) is programmed with a design that has no supported debug core(s) in it.
reset_run synth_1
launch_runs impl_1 -to_step write_bitstream -jobs 16
WARNING: [Vivado 12-4801] The synthesis checkpoint for IP 'C:/Users/Musab/OneDrive - Habib University/3rd Semester/DLD/Project - Joy/Basys3-Joystick-Interfacing/test.srcs/sources_1/ip/xadc_wiz_0/xadc_wiz_0.xci' is available but stale and the IP is locked. An out-of-context (OOC) run will be created and/or launched, but synthesis may not be able to complete or could result in incorrect behavior.
Please select 'Report IP Status' from the 'Tools/Report' menu or run Tcl command 'report_ip_status' for more information.
WARNING: [Runs 36-337] The following IPs are either missing output products or output products are not up-to-date for Synthesis target. Since these IPs are locked, no update to the output products can be done. 
Please select 'Report IP Status' from the 'Tools/Report' menu or run Tcl command 'report_ip_status' for more information.
C:/Users/Musab/OneDrive - Habib University/3rd Semester/DLD/Project - Joy/Basys3-Joystick-Interfacing/test.srcs/sources_1/ip/xadc_wiz_0/xadc_wiz_0.xci

[Mon Nov 20 14:04:31 2023] Launched synth_1...
Run output will be captured here: C:/Users/Musab/OneDrive - Habib University/3rd Semester/DLD/Project - Joy/Basys3-Joystick-Interfacing/test.runs/synth_1/runme.log
[Mon Nov 20 14:04:31 2023] Launched impl_1...
Run output will be captured here: C:/Users/Musab/OneDrive - Habib University/3rd Semester/DLD/Project - Joy/Basys3-Joystick-Interfacing/test.runs/impl_1/runme.log
set_property PROBES.FILE {} [get_hw_devices xc7a35t_0]
set_property FULL_PROBES.FILE {} [get_hw_devices xc7a35t_0]
set_property PROGRAM.FILE {C:/Users/Musab/OneDrive - Habib University/3rd Semester/DLD/Project - Joy/Basys3-Joystick-Interfacing/test.runs/impl_1/display.bit} [get_hw_devices xc7a35t_0]
program_hw_devices [get_hw_devices xc7a35t_0]
INFO: [Labtools 27-3164] End of startup status: HIGH
refresh_hw_device [lindex [get_hw_devices xc7a35t_0] 0]
INFO: [Labtools 27-1434] Device xc7a35t (JTAG device index = 0) is programmed with a design that has no supported debug core(s) in it.
reset_run synth_1
launch_runs impl_1 -to_step write_bitstream -jobs 16
WARNING: [Vivado 12-4801] The synthesis checkpoint for IP 'C:/Users/Musab/OneDrive - Habib University/3rd Semester/DLD/Project - Joy/Basys3-Joystick-Interfacing/test.srcs/sources_1/ip/xadc_wiz_0/xadc_wiz_0.xci' is available but stale and the IP is locked. An out-of-context (OOC) run will be created and/or launched, but synthesis may not be able to complete or could result in incorrect behavior.
Please select 'Report IP Status' from the 'Tools/Report' menu or run Tcl command 'report_ip_status' for more information.
WARNING: [Runs 36-337] The following IPs are either missing output products or output products are not up-to-date for Synthesis target. Since these IPs are locked, no update to the output products can be done. 
Please select 'Report IP Status' from the 'Tools/Report' menu or run Tcl command 'report_ip_status' for more information.
C:/Users/Musab/OneDrive - Habib University/3rd Semester/DLD/Project - Joy/Basys3-Joystick-Interfacing/test.srcs/sources_1/ip/xadc_wiz_0/xadc_wiz_0.xci

[Mon Nov 20 14:09:47 2023] Launched synth_1...
Run output will be captured here: C:/Users/Musab/OneDrive - Habib University/3rd Semester/DLD/Project - Joy/Basys3-Joystick-Interfacing/test.runs/synth_1/runme.log
[Mon Nov 20 14:09:47 2023] Launched impl_1...
Run output will be captured here: C:/Users/Musab/OneDrive - Habib University/3rd Semester/DLD/Project - Joy/Basys3-Joystick-Interfacing/test.runs/impl_1/runme.log
set_property PROBES.FILE {} [get_hw_devices xc7a35t_0]
set_property FULL_PROBES.FILE {} [get_hw_devices xc7a35t_0]
set_property PROGRAM.FILE {C:/Users/Musab/OneDrive - Habib University/3rd Semester/DLD/Project - Joy/Basys3-Joystick-Interfacing/test.runs/impl_1/display.bit} [get_hw_devices xc7a35t_0]
program_hw_devices [get_hw_devices xc7a35t_0]
INFO: [Labtools 27-3164] End of startup status: HIGH
refresh_hw_device [lindex [get_hw_devices xc7a35t_0] 0]
INFO: [Labtools 27-1434] Device xc7a35t (JTAG device index = 0) is programmed with a design that has no supported debug core(s) in it.
reset_run synth_1
launch_runs impl_1 -to_step write_bitstream -jobs 16
WARNING: [Vivado 12-4801] The synthesis checkpoint for IP 'C:/Users/Musab/OneDrive - Habib University/3rd Semester/DLD/Project - Joy/Basys3-Joystick-Interfacing/test.srcs/sources_1/ip/xadc_wiz_0/xadc_wiz_0.xci' is available but stale and the IP is locked. An out-of-context (OOC) run will be created and/or launched, but synthesis may not be able to complete or could result in incorrect behavior.
Please select 'Report IP Status' from the 'Tools/Report' menu or run Tcl command 'report_ip_status' for more information.
WARNING: [Runs 36-337] The following IPs are either missing output products or output products are not up-to-date for Synthesis target. Since these IPs are locked, no update to the output products can be done. 
Please select 'Report IP Status' from the 'Tools/Report' menu or run Tcl command 'report_ip_status' for more information.
C:/Users/Musab/OneDrive - Habib University/3rd Semester/DLD/Project - Joy/Basys3-Joystick-Interfacing/test.srcs/sources_1/ip/xadc_wiz_0/xadc_wiz_0.xci

[Mon Nov 20 14:14:06 2023] Launched synth_1...
Run output will be captured here: C:/Users/Musab/OneDrive - Habib University/3rd Semester/DLD/Project - Joy/Basys3-Joystick-Interfacing/test.runs/synth_1/runme.log
[Mon Nov 20 14:14:06 2023] Launched impl_1...
Run output will be captured here: C:/Users/Musab/OneDrive - Habib University/3rd Semester/DLD/Project - Joy/Basys3-Joystick-Interfacing/test.runs/impl_1/runme.log
set_property PROBES.FILE {} [get_hw_devices xc7a35t_0]
set_property FULL_PROBES.FILE {} [get_hw_devices xc7a35t_0]
set_property PROGRAM.FILE {C:/Users/Musab/OneDrive - Habib University/3rd Semester/DLD/Project - Joy/Basys3-Joystick-Interfacing/test.runs/impl_1/display.bit} [get_hw_devices xc7a35t_0]
program_hw_devices [get_hw_devices xc7a35t_0]
INFO: [Labtools 27-3164] End of startup status: HIGH
refresh_hw_device [lindex [get_hw_devices xc7a35t_0] 0]
INFO: [Labtools 27-1434] Device xc7a35t (JTAG device index = 0) is programmed with a design that has no supported debug core(s) in it.
reset_run synth_1
launch_runs impl_1 -to_step write_bitstream -jobs 16
WARNING: [Vivado 12-4801] The synthesis checkpoint for IP 'C:/Users/Musab/OneDrive - Habib University/3rd Semester/DLD/Project - Joy/Basys3-Joystick-Interfacing/test.srcs/sources_1/ip/xadc_wiz_0/xadc_wiz_0.xci' is available but stale and the IP is locked. An out-of-context (OOC) run will be created and/or launched, but synthesis may not be able to complete or could result in incorrect behavior.
Please select 'Report IP Status' from the 'Tools/Report' menu or run Tcl command 'report_ip_status' for more information.
WARNING: [Runs 36-337] The following IPs are either missing output products or output products are not up-to-date for Synthesis target. Since these IPs are locked, no update to the output products can be done. 
Please select 'Report IP Status' from the 'Tools/Report' menu or run Tcl command 'report_ip_status' for more information.
C:/Users/Musab/OneDrive - Habib University/3rd Semester/DLD/Project - Joy/Basys3-Joystick-Interfacing/test.srcs/sources_1/ip/xadc_wiz_0/xadc_wiz_0.xci

[Mon Nov 20 14:18:29 2023] Launched synth_1...
Run output will be captured here: C:/Users/Musab/OneDrive - Habib University/3rd Semester/DLD/Project - Joy/Basys3-Joystick-Interfacing/test.runs/synth_1/runme.log
[Mon Nov 20 14:18:29 2023] Launched impl_1...
Run output will be captured here: C:/Users/Musab/OneDrive - Habib University/3rd Semester/DLD/Project - Joy/Basys3-Joystick-Interfacing/test.runs/impl_1/runme.log
set_property PROBES.FILE {} [get_hw_devices xc7a35t_0]
set_property FULL_PROBES.FILE {} [get_hw_devices xc7a35t_0]
set_property PROGRAM.FILE {C:/Users/Musab/OneDrive - Habib University/3rd Semester/DLD/Project - Joy/Basys3-Joystick-Interfacing/test.runs/impl_1/display.bit} [get_hw_devices xc7a35t_0]
program_hw_devices [get_hw_devices xc7a35t_0]
INFO: [Labtools 27-3164] End of startup status: HIGH
refresh_hw_device [lindex [get_hw_devices xc7a35t_0] 0]
INFO: [Labtools 27-1434] Device xc7a35t (JTAG device index = 0) is programmed with a design that has no supported debug core(s) in it.
reset_run synth_1
launch_runs impl_1 -to_step write_bitstream -jobs 16
WARNING: [Vivado 12-4801] The synthesis checkpoint for IP 'C:/Users/Musab/OneDrive - Habib University/3rd Semester/DLD/Project - Joy/Basys3-Joystick-Interfacing/test.srcs/sources_1/ip/xadc_wiz_0/xadc_wiz_0.xci' is available but stale and the IP is locked. An out-of-context (OOC) run will be created and/or launched, but synthesis may not be able to complete or could result in incorrect behavior.
Please select 'Report IP Status' from the 'Tools/Report' menu or run Tcl command 'report_ip_status' for more information.
WARNING: [Runs 36-337] The following IPs are either missing output products or output products are not up-to-date for Synthesis target. Since these IPs are locked, no update to the output products can be done. 
Please select 'Report IP Status' from the 'Tools/Report' menu or run Tcl command 'report_ip_status' for more information.
C:/Users/Musab/OneDrive - Habib University/3rd Semester/DLD/Project - Joy/Basys3-Joystick-Interfacing/test.srcs/sources_1/ip/xadc_wiz_0/xadc_wiz_0.xci

[Mon Nov 20 14:22:18 2023] Launched synth_1...
Run output will be captured here: C:/Users/Musab/OneDrive - Habib University/3rd Semester/DLD/Project - Joy/Basys3-Joystick-Interfacing/test.runs/synth_1/runme.log
[Mon Nov 20 14:22:18 2023] Launched impl_1...
Run output will be captured here: C:/Users/Musab/OneDrive - Habib University/3rd Semester/DLD/Project - Joy/Basys3-Joystick-Interfacing/test.runs/impl_1/runme.log
set_property PROBES.FILE {} [get_hw_devices xc7a35t_0]
set_property FULL_PROBES.FILE {} [get_hw_devices xc7a35t_0]
set_property PROGRAM.FILE {C:/Users/Musab/OneDrive - Habib University/3rd Semester/DLD/Project - Joy/Basys3-Joystick-Interfacing/test.runs/impl_1/display.bit} [get_hw_devices xc7a35t_0]
program_hw_devices [get_hw_devices xc7a35t_0]
INFO: [Labtools 27-3164] End of startup status: HIGH
refresh_hw_device [lindex [get_hw_devices xc7a35t_0] 0]
INFO: [Labtools 27-1434] Device xc7a35t (JTAG device index = 0) is programmed with a design that has no supported debug core(s) in it.
reset_run synth_1
launch_runs impl_1 -to_step write_bitstream -jobs 16
WARNING: [Vivado 12-4801] The synthesis checkpoint for IP 'C:/Users/Musab/OneDrive - Habib University/3rd Semester/DLD/Project - Joy/Basys3-Joystick-Interfacing/test.srcs/sources_1/ip/xadc_wiz_0/xadc_wiz_0.xci' is available but stale and the IP is locked. An out-of-context (OOC) run will be created and/or launched, but synthesis may not be able to complete or could result in incorrect behavior.
Please select 'Report IP Status' from the 'Tools/Report' menu or run Tcl command 'report_ip_status' for more information.
WARNING: [Runs 36-337] The following IPs are either missing output products or output products are not up-to-date for Synthesis target. Since these IPs are locked, no update to the output products can be done. 
Please select 'Report IP Status' from the 'Tools/Report' menu or run Tcl command 'report_ip_status' for more information.
C:/Users/Musab/OneDrive - Habib University/3rd Semester/DLD/Project - Joy/Basys3-Joystick-Interfacing/test.srcs/sources_1/ip/xadc_wiz_0/xadc_wiz_0.xci

[Mon Nov 20 14:25:53 2023] Launched synth_1...
Run output will be captured here: C:/Users/Musab/OneDrive - Habib University/3rd Semester/DLD/Project - Joy/Basys3-Joystick-Interfacing/test.runs/synth_1/runme.log
[Mon Nov 20 14:25:53 2023] Launched impl_1...
Run output will be captured here: C:/Users/Musab/OneDrive - Habib University/3rd Semester/DLD/Project - Joy/Basys3-Joystick-Interfacing/test.runs/impl_1/runme.log
set_property PROBES.FILE {} [get_hw_devices xc7a35t_0]
set_property FULL_PROBES.FILE {} [get_hw_devices xc7a35t_0]
set_property PROGRAM.FILE {C:/Users/Musab/OneDrive - Habib University/3rd Semester/DLD/Project - Joy/Basys3-Joystick-Interfacing/test.runs/impl_1/display.bit} [get_hw_devices xc7a35t_0]
program_hw_devices [get_hw_devices xc7a35t_0]
INFO: [Labtools 27-3164] End of startup status: HIGH
refresh_hw_device [lindex [get_hw_devices xc7a35t_0] 0]
INFO: [Labtools 27-1434] Device xc7a35t (JTAG device index = 0) is programmed with a design that has no supported debug core(s) in it.
reset_run synth_1
launch_runs impl_1 -to_step write_bitstream -jobs 16
WARNING: [Vivado 12-4801] The synthesis checkpoint for IP 'C:/Users/Musab/OneDrive - Habib University/3rd Semester/DLD/Project - Joy/Basys3-Joystick-Interfacing/test.srcs/sources_1/ip/xadc_wiz_0/xadc_wiz_0.xci' is available but stale and the IP is locked. An out-of-context (OOC) run will be created and/or launched, but synthesis may not be able to complete or could result in incorrect behavior.
Please select 'Report IP Status' from the 'Tools/Report' menu or run Tcl command 'report_ip_status' for more information.
WARNING: [Runs 36-337] The following IPs are either missing output products or output products are not up-to-date for Synthesis target. Since these IPs are locked, no update to the output products can be done. 
Please select 'Report IP Status' from the 'Tools/Report' menu or run Tcl command 'report_ip_status' for more information.
C:/Users/Musab/OneDrive - Habib University/3rd Semester/DLD/Project - Joy/Basys3-Joystick-Interfacing/test.srcs/sources_1/ip/xadc_wiz_0/xadc_wiz_0.xci

[Mon Nov 20 14:33:43 2023] Launched synth_1...
Run output will be captured here: C:/Users/Musab/OneDrive - Habib University/3rd Semester/DLD/Project - Joy/Basys3-Joystick-Interfacing/test.runs/synth_1/runme.log
[Mon Nov 20 14:33:43 2023] Launched impl_1...
Run output will be captured here: C:/Users/Musab/OneDrive - Habib University/3rd Semester/DLD/Project - Joy/Basys3-Joystick-Interfacing/test.runs/impl_1/runme.log
set_property PROBES.FILE {} [get_hw_devices xc7a35t_0]
set_property FULL_PROBES.FILE {} [get_hw_devices xc7a35t_0]
set_property PROGRAM.FILE {C:/Users/Musab/OneDrive - Habib University/3rd Semester/DLD/Project - Joy/Basys3-Joystick-Interfacing/test.runs/impl_1/display.bit} [get_hw_devices xc7a35t_0]
program_hw_devices [get_hw_devices xc7a35t_0]
INFO: [Labtools 27-3164] End of startup status: HIGH
refresh_hw_device [lindex [get_hw_devices xc7a35t_0] 0]
INFO: [Labtools 27-1434] Device xc7a35t (JTAG device index = 0) is programmed with a design that has no supported debug core(s) in it.
set_property PROBES.FILE {} [get_hw_devices xc7a35t_0]
set_property FULL_PROBES.FILE {} [get_hw_devices xc7a35t_0]
set_property PROGRAM.FILE {C:/Users/Musab/OneDrive - Habib University/3rd Semester/DLD/Project - Joy/Basys3-Joystick-Interfacing/test.runs/impl_1/display.bit} [get_hw_devices xc7a35t_0]
program_hw_devices [get_hw_devices xc7a35t_0]
INFO: [Labtools 27-3164] End of startup status: HIGH
refresh_hw_device [lindex [get_hw_devices xc7a35t_0] 0]
INFO: [Labtools 27-1434] Device xc7a35t (JTAG device index = 0) is programmed with a design that has no supported debug core(s) in it.
set_property PROBES.FILE {} [get_hw_devices xc7a35t_0]
set_property FULL_PROBES.FILE {} [get_hw_devices xc7a35t_0]
set_property PROGRAM.FILE {C:/Users/Musab/OneDrive - Habib University/3rd Semester/DLD/Project - Joy/Basys3-Joystick-Interfacing/test.runs/impl_1/display.bit} [get_hw_devices xc7a35t_0]
program_hw_devices [get_hw_devices xc7a35t_0]
INFO: [Labtools 27-3164] End of startup status: HIGH
refresh_hw_device [lindex [get_hw_devices xc7a35t_0] 0]
INFO: [Labtools 27-1434] Device xc7a35t (JTAG device index = 0) is programmed with a design that has no supported debug core(s) in it.
reset_run synth_1
launch_runs impl_1 -to_step write_bitstream -jobs 16
WARNING: [Vivado 12-4801] The synthesis checkpoint for IP 'C:/Users/Musab/OneDrive - Habib University/3rd Semester/DLD/Project - Joy/Basys3-Joystick-Interfacing/test.srcs/sources_1/ip/xadc_wiz_0/xadc_wiz_0.xci' is available but stale and the IP is locked. An out-of-context (OOC) run will be created and/or launched, but synthesis may not be able to complete or could result in incorrect behavior.
Please select 'Report IP Status' from the 'Tools/Report' menu or run Tcl command 'report_ip_status' for more information.
WARNING: [Runs 36-337] The following IPs are either missing output products or output products are not up-to-date for Synthesis target. Since these IPs are locked, no update to the output products can be done. 
Please select 'Report IP Status' from the 'Tools/Report' menu or run Tcl command 'report_ip_status' for more information.
C:/Users/Musab/OneDrive - Habib University/3rd Semester/DLD/Project - Joy/Basys3-Joystick-Interfacing/test.srcs/sources_1/ip/xadc_wiz_0/xadc_wiz_0.xci

[Mon Nov 20 14:39:47 2023] Launched synth_1...
Run output will be captured here: C:/Users/Musab/OneDrive - Habib University/3rd Semester/DLD/Project - Joy/Basys3-Joystick-Interfacing/test.runs/synth_1/runme.log
[Mon Nov 20 14:39:47 2023] Launched impl_1...
Run output will be captured here: C:/Users/Musab/OneDrive - Habib University/3rd Semester/DLD/Project - Joy/Basys3-Joystick-Interfacing/test.runs/impl_1/runme.log
set_property PROBES.FILE {} [get_hw_devices xc7a35t_0]
set_property FULL_PROBES.FILE {} [get_hw_devices xc7a35t_0]
set_property PROGRAM.FILE {C:/Users/Musab/OneDrive - Habib University/3rd Semester/DLD/Project - Joy/Basys3-Joystick-Interfacing/test.runs/impl_1/display.bit} [get_hw_devices xc7a35t_0]
program_hw_devices [get_hw_devices xc7a35t_0]
INFO: [Labtools 27-3164] End of startup status: HIGH
refresh_hw_device [lindex [get_hw_devices xc7a35t_0] 0]
INFO: [Labtools 27-1434] Device xc7a35t (JTAG device index = 0) is programmed with a design that has no supported debug core(s) in it.
reset_run synth_1
launch_runs impl_1 -to_step write_bitstream -jobs 16
WARNING: [Vivado 12-4801] The synthesis checkpoint for IP 'C:/Users/Musab/OneDrive - Habib University/3rd Semester/DLD/Project - Joy/Basys3-Joystick-Interfacing/test.srcs/sources_1/ip/xadc_wiz_0/xadc_wiz_0.xci' is available but stale and the IP is locked. An out-of-context (OOC) run will be created and/or launched, but synthesis may not be able to complete or could result in incorrect behavior.
Please select 'Report IP Status' from the 'Tools/Report' menu or run Tcl command 'report_ip_status' for more information.
WARNING: [Runs 36-337] The following IPs are either missing output products or output products are not up-to-date for Synthesis target. Since these IPs are locked, no update to the output products can be done. 
Please select 'Report IP Status' from the 'Tools/Report' menu or run Tcl command 'report_ip_status' for more information.
C:/Users/Musab/OneDrive - Habib University/3rd Semester/DLD/Project - Joy/Basys3-Joystick-Interfacing/test.srcs/sources_1/ip/xadc_wiz_0/xadc_wiz_0.xci

[Mon Nov 20 14:47:04 2023] Launched synth_1...
Run output will be captured here: C:/Users/Musab/OneDrive - Habib University/3rd Semester/DLD/Project - Joy/Basys3-Joystick-Interfacing/test.runs/synth_1/runme.log
[Mon Nov 20 14:47:04 2023] Launched impl_1...
Run output will be captured here: C:/Users/Musab/OneDrive - Habib University/3rd Semester/DLD/Project - Joy/Basys3-Joystick-Interfacing/test.runs/impl_1/runme.log
reset_run synth_1
launch_runs impl_1 -to_step write_bitstream -jobs 16
WARNING: [Vivado 12-4801] The synthesis checkpoint for IP 'C:/Users/Musab/OneDrive - Habib University/3rd Semester/DLD/Project - Joy/Basys3-Joystick-Interfacing/test.srcs/sources_1/ip/xadc_wiz_0/xadc_wiz_0.xci' is available but stale and the IP is locked. An out-of-context (OOC) run will be created and/or launched, but synthesis may not be able to complete or could result in incorrect behavior.
Please select 'Report IP Status' from the 'Tools/Report' menu or run Tcl command 'report_ip_status' for more information.
WARNING: [Runs 36-337] The following IPs are either missing output products or output products are not up-to-date for Synthesis target. Since these IPs are locked, no update to the output products can be done. 
Please select 'Report IP Status' from the 'Tools/Report' menu or run Tcl command 'report_ip_status' for more information.
C:/Users/Musab/OneDrive - Habib University/3rd Semester/DLD/Project - Joy/Basys3-Joystick-Interfacing/test.srcs/sources_1/ip/xadc_wiz_0/xadc_wiz_0.xci

[Mon Nov 20 14:49:25 2023] Launched synth_1...
Run output will be captured here: C:/Users/Musab/OneDrive - Habib University/3rd Semester/DLD/Project - Joy/Basys3-Joystick-Interfacing/test.runs/synth_1/runme.log
[Mon Nov 20 14:49:25 2023] Launched impl_1...
Run output will be captured here: C:/Users/Musab/OneDrive - Habib University/3rd Semester/DLD/Project - Joy/Basys3-Joystick-Interfacing/test.runs/impl_1/runme.log
reset_run synth_1
launch_runs impl_1 -to_step write_bitstream -jobs 16
WARNING: [Vivado 12-4801] The synthesis checkpoint for IP 'C:/Users/Musab/OneDrive - Habib University/3rd Semester/DLD/Project - Joy/Basys3-Joystick-Interfacing/test.srcs/sources_1/ip/xadc_wiz_0/xadc_wiz_0.xci' is available but stale and the IP is locked. An out-of-context (OOC) run will be created and/or launched, but synthesis may not be able to complete or could result in incorrect behavior.
Please select 'Report IP Status' from the 'Tools/Report' menu or run Tcl command 'report_ip_status' for more information.
WARNING: [Runs 36-337] The following IPs are either missing output products or output products are not up-to-date for Synthesis target. Since these IPs are locked, no update to the output products can be done. 
Please select 'Report IP Status' from the 'Tools/Report' menu or run Tcl command 'report_ip_status' for more information.
C:/Users/Musab/OneDrive - Habib University/3rd Semester/DLD/Project - Joy/Basys3-Joystick-Interfacing/test.srcs/sources_1/ip/xadc_wiz_0/xadc_wiz_0.xci

[Mon Nov 20 14:52:11 2023] Launched synth_1...
Run output will be captured here: C:/Users/Musab/OneDrive - Habib University/3rd Semester/DLD/Project - Joy/Basys3-Joystick-Interfacing/test.runs/synth_1/runme.log
[Mon Nov 20 14:52:11 2023] Launched impl_1...
Run output will be captured here: C:/Users/Musab/OneDrive - Habib University/3rd Semester/DLD/Project - Joy/Basys3-Joystick-Interfacing/test.runs/impl_1/runme.log
reset_run impl_1
launch_runs impl_1 -to_step write_bitstream -jobs 16
WARNING: [Vivado 12-4801] The synthesis checkpoint for IP 'C:/Users/Musab/OneDrive - Habib University/3rd Semester/DLD/Project - Joy/Basys3-Joystick-Interfacing/test.srcs/sources_1/ip/xadc_wiz_0/xadc_wiz_0.xci' is available but stale and the IP is locked. An out-of-context (OOC) run will be created and/or launched, but synthesis may not be able to complete or could result in incorrect behavior.
Please select 'Report IP Status' from the 'Tools/Report' menu or run Tcl command 'report_ip_status' for more information.
[Mon Nov 20 14:59:26 2023] Launched impl_1...
Run output will be captured here: C:/Users/Musab/OneDrive - Habib University/3rd Semester/DLD/Project - Joy/Basys3-Joystick-Interfacing/test.runs/impl_1/runme.log
set_property PROBES.FILE {} [get_hw_devices xc7a35t_0]
set_property FULL_PROBES.FILE {} [get_hw_devices xc7a35t_0]
set_property PROGRAM.FILE {C:/Users/Musab/OneDrive - Habib University/3rd Semester/DLD/Project - Joy/Basys3-Joystick-Interfacing/test.runs/impl_1/display.bit} [get_hw_devices xc7a35t_0]
program_hw_devices [get_hw_devices xc7a35t_0]
INFO: [Labtools 27-3164] End of startup status: HIGH
refresh_hw_device [lindex [get_hw_devices xc7a35t_0] 0]
INFO: [Labtools 27-1434] Device xc7a35t (JTAG device index = 0) is programmed with a design that has no supported debug core(s) in it.
reset_run synth_1
launch_runs impl_1 -to_step write_bitstream -jobs 16
WARNING: [Vivado 12-4801] The synthesis checkpoint for IP 'C:/Users/Musab/OneDrive - Habib University/3rd Semester/DLD/Project - Joy/Basys3-Joystick-Interfacing/test.srcs/sources_1/ip/xadc_wiz_0/xadc_wiz_0.xci' is available but stale and the IP is locked. An out-of-context (OOC) run will be created and/or launched, but synthesis may not be able to complete or could result in incorrect behavior.
Please select 'Report IP Status' from the 'Tools/Report' menu or run Tcl command 'report_ip_status' for more information.
WARNING: [Runs 36-337] The following IPs are either missing output products or output products are not up-to-date for Synthesis target. Since these IPs are locked, no update to the output products can be done. 
Please select 'Report IP Status' from the 'Tools/Report' menu or run Tcl command 'report_ip_status' for more information.
C:/Users/Musab/OneDrive - Habib University/3rd Semester/DLD/Project - Joy/Basys3-Joystick-Interfacing/test.srcs/sources_1/ip/xadc_wiz_0/xadc_wiz_0.xci

[Mon Nov 20 15:03:03 2023] Launched synth_1...
Run output will be captured here: C:/Users/Musab/OneDrive - Habib University/3rd Semester/DLD/Project - Joy/Basys3-Joystick-Interfacing/test.runs/synth_1/runme.log
[Mon Nov 20 15:03:03 2023] Launched impl_1...
Run output will be captured here: C:/Users/Musab/OneDrive - Habib University/3rd Semester/DLD/Project - Joy/Basys3-Joystick-Interfacing/test.runs/impl_1/runme.log
set_property PROBES.FILE {} [get_hw_devices xc7a35t_0]
set_property FULL_PROBES.FILE {} [get_hw_devices xc7a35t_0]
set_property PROGRAM.FILE {C:/Users/Musab/OneDrive - Habib University/3rd Semester/DLD/Project - Joy/Basys3-Joystick-Interfacing/test.runs/impl_1/display.bit} [get_hw_devices xc7a35t_0]
program_hw_devices [get_hw_devices xc7a35t_0]
INFO: [Labtools 27-3164] End of startup status: HIGH
refresh_hw_device [lindex [get_hw_devices xc7a35t_0] 0]
INFO: [Labtools 27-1434] Device xc7a35t (JTAG device index = 0) is programmed with a design that has no supported debug core(s) in it.
reset_run synth_1
launch_runs impl_1 -to_step write_bitstream -jobs 16
WARNING: [Vivado 12-4801] The synthesis checkpoint for IP 'C:/Users/Musab/OneDrive - Habib University/3rd Semester/DLD/Project - Joy/Basys3-Joystick-Interfacing/test.srcs/sources_1/ip/xadc_wiz_0/xadc_wiz_0.xci' is available but stale and the IP is locked. An out-of-context (OOC) run will be created and/or launched, but synthesis may not be able to complete or could result in incorrect behavior.
Please select 'Report IP Status' from the 'Tools/Report' menu or run Tcl command 'report_ip_status' for more information.
WARNING: [Runs 36-337] The following IPs are either missing output products or output products are not up-to-date for Synthesis target. Since these IPs are locked, no update to the output products can be done. 
Please select 'Report IP Status' from the 'Tools/Report' menu or run Tcl command 'report_ip_status' for more information.
C:/Users/Musab/OneDrive - Habib University/3rd Semester/DLD/Project - Joy/Basys3-Joystick-Interfacing/test.srcs/sources_1/ip/xadc_wiz_0/xadc_wiz_0.xci

[Mon Nov 20 15:07:54 2023] Launched synth_1...
Run output will be captured here: C:/Users/Musab/OneDrive - Habib University/3rd Semester/DLD/Project - Joy/Basys3-Joystick-Interfacing/test.runs/synth_1/runme.log
[Mon Nov 20 15:07:54 2023] Launched impl_1...
Run output will be captured here: C:/Users/Musab/OneDrive - Habib University/3rd Semester/DLD/Project - Joy/Basys3-Joystick-Interfacing/test.runs/impl_1/runme.log
set_property PROBES.FILE {} [get_hw_devices xc7a35t_0]
set_property FULL_PROBES.FILE {} [get_hw_devices xc7a35t_0]
set_property PROGRAM.FILE {C:/Users/Musab/OneDrive - Habib University/3rd Semester/DLD/Project - Joy/Basys3-Joystick-Interfacing/test.runs/impl_1/display.bit} [get_hw_devices xc7a35t_0]
program_hw_devices [get_hw_devices xc7a35t_0]
INFO: [Labtools 27-3164] End of startup status: HIGH
refresh_hw_device [lindex [get_hw_devices xc7a35t_0] 0]
INFO: [Labtools 27-1434] Device xc7a35t (JTAG device index = 0) is programmed with a design that has no supported debug core(s) in it.
set_property PROBES.FILE {} [get_hw_devices xc7a35t_0]
set_property FULL_PROBES.FILE {} [get_hw_devices xc7a35t_0]
set_property PROGRAM.FILE {C:/Users/Musab/OneDrive - Habib University/3rd Semester/DLD/Project - Joy/Basys3-Joystick-Interfacing/test.runs/impl_1/display.bit} [get_hw_devices xc7a35t_0]
program_hw_devices [get_hw_devices xc7a35t_0]
INFO: [Labtools 27-3164] End of startup status: HIGH
refresh_hw_device [lindex [get_hw_devices xc7a35t_0] 0]
INFO: [Labtools 27-1434] Device xc7a35t (JTAG device index = 0) is programmed with a design that has no supported debug core(s) in it.
reset_run synth_1
launch_runs impl_1 -to_step write_bitstream -jobs 16
WARNING: [Vivado 12-4801] The synthesis checkpoint for IP 'C:/Users/Musab/OneDrive - Habib University/3rd Semester/DLD/Project - Joy/Basys3-Joystick-Interfacing/test.srcs/sources_1/ip/xadc_wiz_0/xadc_wiz_0.xci' is available but stale and the IP is locked. An out-of-context (OOC) run will be created and/or launched, but synthesis may not be able to complete or could result in incorrect behavior.
Please select 'Report IP Status' from the 'Tools/Report' menu or run Tcl command 'report_ip_status' for more information.
WARNING: [Runs 36-337] The following IPs are either missing output products or output products are not up-to-date for Synthesis target. Since these IPs are locked, no update to the output products can be done. 
Please select 'Report IP Status' from the 'Tools/Report' menu or run Tcl command 'report_ip_status' for more information.
C:/Users/Musab/OneDrive - Habib University/3rd Semester/DLD/Project - Joy/Basys3-Joystick-Interfacing/test.srcs/sources_1/ip/xadc_wiz_0/xadc_wiz_0.xci

[Mon Nov 20 15:17:40 2023] Launched synth_1...
Run output will be captured here: C:/Users/Musab/OneDrive - Habib University/3rd Semester/DLD/Project - Joy/Basys3-Joystick-Interfacing/test.runs/synth_1/runme.log
[Mon Nov 20 15:17:40 2023] Launched impl_1...
Run output will be captured here: C:/Users/Musab/OneDrive - Habib University/3rd Semester/DLD/Project - Joy/Basys3-Joystick-Interfacing/test.runs/impl_1/runme.log
close_hw_manager
reset_run synth_1
launch_runs impl_1 -to_step write_bitstream -jobs 16
WARNING: [Vivado 12-4801] The synthesis checkpoint for IP 'C:/Users/Musab/OneDrive - Habib University/3rd Semester/DLD/Project - Joy/Basys3-Joystick-Interfacing/test.srcs/sources_1/ip/xadc_wiz_0/xadc_wiz_0.xci' is available but stale and the IP is locked. An out-of-context (OOC) run will be created and/or launched, but synthesis may not be able to complete or could result in incorrect behavior.
Please select 'Report IP Status' from the 'Tools/Report' menu or run Tcl command 'report_ip_status' for more information.
WARNING: [Runs 36-337] The following IPs are either missing output products or output products are not up-to-date for Synthesis target. Since these IPs are locked, no update to the output products can be done. 
Please select 'Report IP Status' from the 'Tools/Report' menu or run Tcl command 'report_ip_status' for more information.
C:/Users/Musab/OneDrive - Habib University/3rd Semester/DLD/Project - Joy/Basys3-Joystick-Interfacing/test.srcs/sources_1/ip/xadc_wiz_0/xadc_wiz_0.xci

[Mon Nov 20 15:19:24 2023] Launched synth_1...
Run output will be captured here: C:/Users/Musab/OneDrive - Habib University/3rd Semester/DLD/Project - Joy/Basys3-Joystick-Interfacing/test.runs/synth_1/runme.log
[Mon Nov 20 15:19:24 2023] Launched impl_1...
Run output will be captured here: C:/Users/Musab/OneDrive - Habib University/3rd Semester/DLD/Project - Joy/Basys3-Joystick-Interfacing/test.runs/impl_1/runme.log
reset_run synth_1
WARNING: [Vivado 12-1017] Problems encountered:
1. Failed to delete one or more files in run directory C:/Users/Musab/OneDrive - Habib University/3rd Semester/DLD/Project - Joy/Basys3-Joystick-Interfacing/test.runs/synth_1

launch_runs impl_1 -to_step write_bitstream -jobs 16
WARNING: [Vivado 12-4801] The synthesis checkpoint for IP 'C:/Users/Musab/OneDrive - Habib University/3rd Semester/DLD/Project - Joy/Basys3-Joystick-Interfacing/test.srcs/sources_1/ip/xadc_wiz_0/xadc_wiz_0.xci' is available but stale and the IP is locked. An out-of-context (OOC) run will be created and/or launched, but synthesis may not be able to complete or could result in incorrect behavior.
Please select 'Report IP Status' from the 'Tools/Report' menu or run Tcl command 'report_ip_status' for more information.
WARNING: [Runs 36-337] The following IPs are either missing output products or output products are not up-to-date for Synthesis target. Since these IPs are locked, no update to the output products can be done. 
Please select 'Report IP Status' from the 'Tools/Report' menu or run Tcl command 'report_ip_status' for more information.
C:/Users/Musab/OneDrive - Habib University/3rd Semester/DLD/Project - Joy/Basys3-Joystick-Interfacing/test.srcs/sources_1/ip/xadc_wiz_0/xadc_wiz_0.xci

[Mon Nov 20 15:20:48 2023] Launched synth_1...
Run output will be captured here: C:/Users/Musab/OneDrive - Habib University/3rd Semester/DLD/Project - Joy/Basys3-Joystick-Interfacing/test.runs/synth_1/runme.log
[Mon Nov 20 15:20:48 2023] Launched impl_1...
Run output will be captured here: C:/Users/Musab/OneDrive - Habib University/3rd Semester/DLD/Project - Joy/Basys3-Joystick-Interfacing/test.runs/impl_1/runme.log
open_hw_manager
connect_hw_server -allow_non_jtag
INFO: [Labtools 27-2285] Connecting to hw_server url TCP:localhost:3121
INFO: [Labtools 27-2222] Launching hw_server...
INFO: [Labtools 27-2221] Launch Output:

****** Xilinx hw_server v2020.1
  **** Build date : May 27 2020 at 20:24:38
    ** Copyright 1986-2020 Xilinx, Inc. All Rights Reserved.


INFO: [Labtools 27-3415] Connecting to cs_server url TCP:localhost:3042
INFO: [Labtools 27-3417] Launching cs_server...
INFO: [Labtools 27-2221] Launch Output:


****** Xilinx cs_server v2020.1.0
  **** Build date : May 14 2020-06:10:29
    ** Copyright 2017-2020 Xilinx, Inc. All Rights Reserved.



connect_hw_server: Time (s): cpu = 00:00:00 ; elapsed = 00:00:07 . Memory (MB): peak = 2372.152 ; gain = 0.000
open_hw_target
INFO: [Labtoolstcl 44-466] Opening hw_target localhost:3121/xilinx_tcf/Digilent/210183AF3047A
set_property PROGRAM.FILE {C:/Users/Musab/OneDrive - Habib University/3rd Semester/DLD/Project - Joy/Basys3-Joystick-Interfacing/test.runs/impl_1/display.bit} [get_hw_devices xc7a35t_0]
current_hw_device [get_hw_devices xc7a35t_0]
refresh_hw_device -update_hw_probes false [lindex [get_hw_devices xc7a35t_0] 0]
INFO: [Labtools 27-1434] Device xc7a35t (JTAG device index = 0) is programmed with a design that has no supported debug core(s) in it.
set_property PROBES.FILE {} [get_hw_devices xc7a35t_0]
set_property FULL_PROBES.FILE {} [get_hw_devices xc7a35t_0]
set_property PROGRAM.FILE {C:/Users/Musab/OneDrive - Habib University/3rd Semester/DLD/Project - Joy/Basys3-Joystick-Interfacing/test.runs/impl_1/display.bit} [get_hw_devices xc7a35t_0]
program_hw_devices [get_hw_devices xc7a35t_0]
INFO: [Labtools 27-3164] End of startup status: HIGH
refresh_hw_device [lindex [get_hw_devices xc7a35t_0] 0]
INFO: [Labtools 27-1434] Device xc7a35t (JTAG device index = 0) is programmed with a design that has no supported debug core(s) in it.
reset_run synth_1
launch_runs impl_1 -to_step write_bitstream -jobs 16
WARNING: [Vivado 12-4801] The synthesis checkpoint for IP 'C:/Users/Musab/OneDrive - Habib University/3rd Semester/DLD/Project - Joy/Basys3-Joystick-Interfacing/test.srcs/sources_1/ip/xadc_wiz_0/xadc_wiz_0.xci' is available but stale and the IP is locked. An out-of-context (OOC) run will be created and/or launched, but synthesis may not be able to complete or could result in incorrect behavior.
Please select 'Report IP Status' from the 'Tools/Report' menu or run Tcl command 'report_ip_status' for more information.
WARNING: [Runs 36-337] The following IPs are either missing output products or output products are not up-to-date for Synthesis target. Since these IPs are locked, no update to the output products can be done. 
Please select 'Report IP Status' from the 'Tools/Report' menu or run Tcl command 'report_ip_status' for more information.
C:/Users/Musab/OneDrive - Habib University/3rd Semester/DLD/Project - Joy/Basys3-Joystick-Interfacing/test.srcs/sources_1/ip/xadc_wiz_0/xadc_wiz_0.xci

[Mon Nov 20 15:26:15 2023] Launched synth_1...
Run output will be captured here: C:/Users/Musab/OneDrive - Habib University/3rd Semester/DLD/Project - Joy/Basys3-Joystick-Interfacing/test.runs/synth_1/runme.log
[Mon Nov 20 15:26:15 2023] Launched impl_1...
Run output will be captured here: C:/Users/Musab/OneDrive - Habib University/3rd Semester/DLD/Project - Joy/Basys3-Joystick-Interfacing/test.runs/impl_1/runme.log
reset_run synth_1
launch_runs impl_1 -to_step write_bitstream -jobs 16
WARNING: [Vivado 12-4801] The synthesis checkpoint for IP 'C:/Users/Musab/OneDrive - Habib University/3rd Semester/DLD/Project - Joy/Basys3-Joystick-Interfacing/test.srcs/sources_1/ip/xadc_wiz_0/xadc_wiz_0.xci' is available but stale and the IP is locked. An out-of-context (OOC) run will be created and/or launched, but synthesis may not be able to complete or could result in incorrect behavior.
Please select 'Report IP Status' from the 'Tools/Report' menu or run Tcl command 'report_ip_status' for more information.
WARNING: [Runs 36-337] The following IPs are either missing output products or output products are not up-to-date for Synthesis target. Since these IPs are locked, no update to the output products can be done. 
Please select 'Report IP Status' from the 'Tools/Report' menu or run Tcl command 'report_ip_status' for more information.
C:/Users/Musab/OneDrive - Habib University/3rd Semester/DLD/Project - Joy/Basys3-Joystick-Interfacing/test.srcs/sources_1/ip/xadc_wiz_0/xadc_wiz_0.xci

[Mon Nov 20 15:31:18 2023] Launched synth_1...
Run output will be captured here: C:/Users/Musab/OneDrive - Habib University/3rd Semester/DLD/Project - Joy/Basys3-Joystick-Interfacing/test.runs/synth_1/runme.log
[Mon Nov 20 15:31:18 2023] Launched impl_1...
Run output will be captured here: C:/Users/Musab/OneDrive - Habib University/3rd Semester/DLD/Project - Joy/Basys3-Joystick-Interfacing/test.runs/impl_1/runme.log
reset_run synth_1
launch_runs impl_1 -to_step write_bitstream -jobs 16
WARNING: [Vivado 12-4801] The synthesis checkpoint for IP 'C:/Users/Musab/OneDrive - Habib University/3rd Semester/DLD/Project - Joy/Basys3-Joystick-Interfacing/test.srcs/sources_1/ip/xadc_wiz_0/xadc_wiz_0.xci' is available but stale and the IP is locked. An out-of-context (OOC) run will be created and/or launched, but synthesis may not be able to complete or could result in incorrect behavior.
Please select 'Report IP Status' from the 'Tools/Report' menu or run Tcl command 'report_ip_status' for more information.
WARNING: [Runs 36-337] The following IPs are either missing output products or output products are not up-to-date for Synthesis target. Since these IPs are locked, no update to the output products can be done. 
Please select 'Report IP Status' from the 'Tools/Report' menu or run Tcl command 'report_ip_status' for more information.
C:/Users/Musab/OneDrive - Habib University/3rd Semester/DLD/Project - Joy/Basys3-Joystick-Interfacing/test.srcs/sources_1/ip/xadc_wiz_0/xadc_wiz_0.xci

[Mon Nov 20 15:40:59 2023] Launched synth_1...
Run output will be captured here: C:/Users/Musab/OneDrive - Habib University/3rd Semester/DLD/Project - Joy/Basys3-Joystick-Interfacing/test.runs/synth_1/runme.log
[Mon Nov 20 15:40:59 2023] Launched impl_1...
Run output will be captured here: C:/Users/Musab/OneDrive - Habib University/3rd Semester/DLD/Project - Joy/Basys3-Joystick-Interfacing/test.runs/impl_1/runme.log
set_property PROBES.FILE {} [get_hw_devices xc7a35t_0]
set_property FULL_PROBES.FILE {} [get_hw_devices xc7a35t_0]
set_property PROGRAM.FILE {C:/Users/Musab/OneDrive - Habib University/3rd Semester/DLD/Project - Joy/Basys3-Joystick-Interfacing/test.runs/impl_1/display.bit} [get_hw_devices xc7a35t_0]
program_hw_devices [get_hw_devices xc7a35t_0]
INFO: [Labtools 27-3164] End of startup status: HIGH
refresh_hw_device [lindex [get_hw_devices xc7a35t_0] 0]
INFO: [Labtools 27-1434] Device xc7a35t (JTAG device index = 0) is programmed with a design that has no supported debug core(s) in it.
reset_run synth_1
launch_runs impl_1 -to_step write_bitstream -jobs 16
WARNING: [Vivado 12-4801] The synthesis checkpoint for IP 'C:/Users/Musab/OneDrive - Habib University/3rd Semester/DLD/Project - Joy/Basys3-Joystick-Interfacing/test.srcs/sources_1/ip/xadc_wiz_0/xadc_wiz_0.xci' is available but stale and the IP is locked. An out-of-context (OOC) run will be created and/or launched, but synthesis may not be able to complete or could result in incorrect behavior.
Please select 'Report IP Status' from the 'Tools/Report' menu or run Tcl command 'report_ip_status' for more information.
WARNING: [Runs 36-337] The following IPs are either missing output products or output products are not up-to-date for Synthesis target. Since these IPs are locked, no update to the output products can be done. 
Please select 'Report IP Status' from the 'Tools/Report' menu or run Tcl command 'report_ip_status' for more information.
C:/Users/Musab/OneDrive - Habib University/3rd Semester/DLD/Project - Joy/Basys3-Joystick-Interfacing/test.srcs/sources_1/ip/xadc_wiz_0/xadc_wiz_0.xci

[Mon Nov 20 15:45:16 2023] Launched synth_1...
Run output will be captured here: C:/Users/Musab/OneDrive - Habib University/3rd Semester/DLD/Project - Joy/Basys3-Joystick-Interfacing/test.runs/synth_1/runme.log
[Mon Nov 20 15:45:16 2023] Launched impl_1...
Run output will be captured here: C:/Users/Musab/OneDrive - Habib University/3rd Semester/DLD/Project - Joy/Basys3-Joystick-Interfacing/test.runs/impl_1/runme.log
set_property PROBES.FILE {} [get_hw_devices xc7a35t_0]
set_property FULL_PROBES.FILE {} [get_hw_devices xc7a35t_0]
set_property PROGRAM.FILE {C:/Users/Musab/OneDrive - Habib University/3rd Semester/DLD/Project - Joy/Basys3-Joystick-Interfacing/test.runs/impl_1/display.bit} [get_hw_devices xc7a35t_0]
program_hw_devices [get_hw_devices xc7a35t_0]
INFO: [Labtools 27-3164] End of startup status: HIGH
refresh_hw_device [lindex [get_hw_devices xc7a35t_0] 0]
INFO: [Labtools 27-1434] Device xc7a35t (JTAG device index = 0) is programmed with a design that has no supported debug core(s) in it.
set_property PROBES.FILE {} [get_hw_devices xc7a35t_0]
set_property FULL_PROBES.FILE {} [get_hw_devices xc7a35t_0]
set_property PROGRAM.FILE {C:/Users/Musab/OneDrive - Habib University/3rd Semester/DLD/Project - Joy/Basys3-Joystick-Interfacing/test.runs/impl_1/display.bit} [get_hw_devices xc7a35t_0]
program_hw_devices [get_hw_devices xc7a35t_0]
INFO: [Labtools 27-3164] End of startup status: HIGH
refresh_hw_device [lindex [get_hw_devices xc7a35t_0] 0]
INFO: [Labtools 27-1434] Device xc7a35t (JTAG device index = 0) is programmed with a design that has no supported debug core(s) in it.
reset_run synth_1
launch_runs impl_1 -to_step write_bitstream -jobs 16
WARNING: [Vivado 12-4801] The synthesis checkpoint for IP 'C:/Users/Musab/OneDrive - Habib University/3rd Semester/DLD/Project - Joy/Basys3-Joystick-Interfacing/test.srcs/sources_1/ip/xadc_wiz_0/xadc_wiz_0.xci' is available but stale and the IP is locked. An out-of-context (OOC) run will be created and/or launched, but synthesis may not be able to complete or could result in incorrect behavior.
Please select 'Report IP Status' from the 'Tools/Report' menu or run Tcl command 'report_ip_status' for more information.
WARNING: [Runs 36-337] The following IPs are either missing output products or output products are not up-to-date for Synthesis target. Since these IPs are locked, no update to the output products can be done. 
Please select 'Report IP Status' from the 'Tools/Report' menu or run Tcl command 'report_ip_status' for more information.
C:/Users/Musab/OneDrive - Habib University/3rd Semester/DLD/Project - Joy/Basys3-Joystick-Interfacing/test.srcs/sources_1/ip/xadc_wiz_0/xadc_wiz_0.xci

[Mon Nov 20 15:53:58 2023] Launched synth_1...
Run output will be captured here: C:/Users/Musab/OneDrive - Habib University/3rd Semester/DLD/Project - Joy/Basys3-Joystick-Interfacing/test.runs/synth_1/runme.log
[Mon Nov 20 15:53:58 2023] Launched impl_1...
Run output will be captured here: C:/Users/Musab/OneDrive - Habib University/3rd Semester/DLD/Project - Joy/Basys3-Joystick-Interfacing/test.runs/impl_1/runme.log
set_property PROBES.FILE {} [get_hw_devices xc7a35t_0]
set_property FULL_PROBES.FILE {} [get_hw_devices xc7a35t_0]
set_property PROGRAM.FILE {C:/Users/Musab/OneDrive - Habib University/3rd Semester/DLD/Project - Joy/Basys3-Joystick-Interfacing/test.runs/impl_1/display.bit} [get_hw_devices xc7a35t_0]
program_hw_devices [get_hw_devices xc7a35t_0]
INFO: [Labtools 27-3164] End of startup status: HIGH
refresh_hw_device [lindex [get_hw_devices xc7a35t_0] 0]
INFO: [Labtools 27-1434] Device xc7a35t (JTAG device index = 0) is programmed with a design that has no supported debug core(s) in it.
set_property PROBES.FILE {} [get_hw_devices xc7a35t_0]
set_property FULL_PROBES.FILE {} [get_hw_devices xc7a35t_0]
set_property PROGRAM.FILE {C:/Users/Musab/OneDrive - Habib University/3rd Semester/DLD/Project - Joy/Basys3-Joystick-Interfacing/test.runs/impl_1/display.bit} [get_hw_devices xc7a35t_0]
program_hw_devices [get_hw_devices xc7a35t_0]
INFO: [Labtools 27-3164] End of startup status: HIGH
refresh_hw_device [lindex [get_hw_devices xc7a35t_0] 0]
INFO: [Labtools 27-1434] Device xc7a35t (JTAG device index = 0) is programmed with a design that has no supported debug core(s) in it.
ERROR: [Labtoolstcl 44-513] HW Target shutdown. Closing target: localhost:3121/xilinx_tcf/Digilent/210183AF3047A
exit
INFO: [Common 17-206] Exiting Vivado at Mon Nov 20 16:10:24 2023...
