#-----------------------------------------------------------
# Vivado v2020.1 (64-bit)
# SW Build 2902540 on Wed May 27 19:54:49 MDT 2020
# IP Build 2902112 on Wed May 27 22:43:36 MDT 2020
# Start of session at: Mon Nov 20 13:22:06 2023
# Process ID: 19316
# Current directory: C:/Users/Musab/OneDrive - Habib University/3rd Semester/DLD/Project - Joy/Basys3-Joystick-Interfacing
# Command line: vivado.exe -gui_launcher_event rodinguilauncherevent32196 C:\Users\Musab\OneDrive - Habib University\3rd Semester\DLD\Project - Joy\Basys3-Joystick-Interfacing\test.xpr
# Log file: C:/Users/Musab/OneDrive - Habib University/3rd Semester/DLD/Project - Joy/Basys3-Joystick-Interfacing/vivado.log
# Journal file: C:/Users/Musab/OneDrive - Habib University/3rd Semester/DLD/Project - Joy/Basys3-Joystick-Interfacing\vivado.jou
#-----------------------------------------------------------
start_gui
open_project {C:/Users/Musab/OneDrive - Habib University/3rd Semester/DLD/Project - Joy/Basys3-Joystick-Interfacing/test.xpr}
INFO: [ProjectBase 1-489] The host OS only allows 260 characters in a normal path. The project is stored in a path with more than 80 characters. If you experience issues with IP, Block Designs, or files not being found, please consider moving the project to a location with a shorter path. Alternately consider using the OS subst command to map part of the path to a drive letter.
Current project path is 'C:/Users/Musab/OneDrive - Habib University/3rd Semester/DLD/Project - Joy/Basys3-Joystick-Interfacing'
Scanning sources...
Finished scanning sources
INFO: [IP_Flow 19-234] Refreshing IP repositories
INFO: [IP_Flow 19-1704] No user IP repositories specified
INFO: [IP_Flow 19-2313] Loaded Vivado IP repository 'C:/Xilinx/Vivado/2020.1/data/ip'.
WARNING: [IP_Flow 19-2162] IP 'xadc_wiz_0' is locked:
* IP definition 'XADC Wizard (3.0)' for IP 'xadc_wiz_0' (customized with software release 2015.1) has a newer minor version in the IP Catalog.
open_project: Time (s): cpu = 00:00:04 ; elapsed = 00:00:06 . Memory (MB): peak = 1026.848 ; gain = 0.000
update_compile_order -fileset sources_1
update_compile_order -fileset sources_1
add_files -norecurse {{C:/Users/Musab/OneDrive - Habib University/3rd Semester/DLD/Project - Joy/Basys3-Joystick-Interfacing/test.srcs/sources_1/new/display2.v}}
update_compile_order -fileset sources_1
update_compile_order -fileset sources_1
ERROR: [Vivado 12-106] *** Exception: java.io.FileNotFoundException: C:\Users\Musab\OneDrive - Habib University\3rd Semester\DLD\Project - Joy\Basys3-Joystick-Interfacing\test.srcs\sources_1\new\display.v (The system cannot find the file specified) (See C:/Users/Musab/OneDrive - Habib University/3rd Semester/DLD/Project - Joy/Basys3-Joystick-Interfacing/vivado_pid19316.debug)
exit
INFO: [Common 17-206] Exiting Vivado at Mon Nov 20 13:41:57 2023...
